<?xml version="1.0" encoding="UTF-8"?>
<!-- Generated by org.testng.reporters.JUnitXMLReporter -->
<testsuite hostname="lgvn181090" ignored="0" name="Test1" tests="2" failures="1" timestamp="04 Mar 2019 04:57:09 GMT" time="7.362" errors="0">
  <testcase name="testCase2" time="0.092" classname="test.testNGdemo"/>
  <testcase name="testCase3" time="0.107" classname="test.testNGdemo">
    <failure type="java.lang.AssertionError" message="expected [Welcome: Mercury Tourssssss] but found [Welcome: Mercury Tours]">
      <![CDATA[java.lang.AssertionError: expected [Welcome: Mercury Tourssssss] but found [Welcome: Mercury Tours]
at test.testNGdemo.testCase3(testNGdemo.java:33)
... Removed 35 stack frames]]>
    </failure>
  </testcase> <!-- testCase3 -->
</testsuite> <!-- Test1 -->
