<?xml version="1.0" encoding="UTF-8"?>
<testng-results skipped="0" failed="0" ignored="0" total="1" passed="1">
  <reporter-output>
  </reporter-output>
  <suite name="Default suite" duration-ms="6714" started-at="2019-03-01T09:06:34Z" finished-at="2019-03-01T09:06:40Z">
    <groups>
    </groups>
    <test name="Default test" duration-ms="6714" started-at="2019-03-01T09:06:34Z" finished-at="2019-03-01T09:06:40Z">
      <class name="test.testNGdemo">
        <test-method status="PASS" signature="beforeTest()[pri:0, instance:test.testNGdemo@55f3ddb1]" name="beforeTest" is-config="true" duration-ms="6616" started-at="2019-03-01T09:06:34Z" finished-at="2019-03-01T09:06:40Z">
          <reporter-output>
          </reporter-output>
        </test-method> <!-- beforeTest -->
        <test-method status="PASS" signature="testCase2()[pri:0, instance:test.testNGdemo@55f3ddb1]" name="testCase2" duration-ms="13" started-at="2019-03-01T09:06:40Z" finished-at="2019-03-01T09:06:40Z">
          <reporter-output>
          </reporter-output>
        </test-method> <!-- testCase2 -->
        <test-method status="PASS" signature="afterTest()[pri:0, instance:test.testNGdemo@55f3ddb1]" name="afterTest" is-config="true" duration-ms="53" started-at="2019-03-01T09:06:40Z" finished-at="2019-03-01T09:06:40Z">
          <reporter-output>
          </reporter-output>
        </test-method> <!-- afterTest -->
      </class> <!-- test.testNGdemo -->
    </test> <!-- Default test -->
  </suite> <!-- Default suite -->
</testng-results>
